<?xml version="1.0" encoding="UTF-8"?>
<!-- Generated by org.testng.reporters.JUnitReportReporter -->
<testsuite hostname="MalhariPatil" failures="0" tests="1" name="com.facebook.tests.createUserTest" time="69.879" errors="0" timestamp="2025-10-15T22:35:04 IST" skipped="0">
  <testcase classname="com.facebook.tests.createUserTest" name="createUser" time="69.879"/>
</testsuite> <!-- com.facebook.tests.createUserTest -->
