<?xml version="1.0" encoding="UTF-8"?>
<!-- Generated by org.testng.reporters.JUnitReportReporter -->
<testsuite hostname="MalhariPatil" failures="0" tests="1" name="com.facebook.tests.LoginTest" time="54.853" errors="0" timestamp="2025-08-24T22:40:21 IST" skipped="0">
  <testcase classname="com.facebook.tests.LoginTest" name="loginTest" time="54.853"/>
</testsuite> <!-- com.facebook.tests.LoginTest -->
