<?xml version="1.0" encoding="UTF-8"?>
<!-- Generated by org.testng.reporters.JUnitReportReporter -->
<testsuite hostname="MalhariPatil" failures="0" tests="1" name="com.facebook.tests.SignUpTest" time="34.494" errors="0" timestamp="2025-10-01T22:55:19 IST" skipped="0">
  <testcase classname="com.facebook.tests.SignUpTest" name="signUpTest" time="34.494"/>
</testsuite> <!-- com.facebook.tests.SignUpTest -->
