<?xml version="1.0" encoding="UTF-8"?>
<!-- Generated by org.testng.reporters.JUnitReportReporter -->
<testsuite hostname="MalhariPatil" failures="0" tests="2" name="com.facebook.tests.LoginTest" time="224.604" errors="0" timestamp="2025-10-08T23:17:12 IST" skipped="1">
  <testcase classname="com.facebook.tests.LoginTest" name="getLinks" time="224.604"/>
  <testcase classname="com.facebook.tests.LoginTest" name="loginTest">
    <skipped/>
  </testcase> <!-- loginTest -->
</testsuite> <!-- com.facebook.tests.LoginTest -->
